systemd-+-NetworkManager-+-dhclient
        |                |-dnsmasq
        |                |-{gdbus}
        |                `-{gmain}
        |-VGAuthService
        |-accounts-daemon-+-{gdbus}
        |                 `-{gmain}
        |-acpid
        |-agetty
        |-avahi-daemon---avahi-daemon
        |-bluetoothd
        |-colord-+-{gdbus}
        |        `-{gmain}
        |-cron
        |-cups-browsed-+-{gdbus}
        |              `-{gmain}
        |-cupsd---dbus
        |-dbus-daemon
        |-fwupd-+-{GUsbEventThread}
        |       |-{fwupd}
        |       |-{gdbus}
        |       `-{gmain}
        |-gnome-keyring-d-+-{gdbus}
        |                 |-{gmain}
        |                 `-{timer}
        |-irqbalance
        |-lightdm-+-Xorg---{InputThread}
        |         |-lightdm-+-upstart-+-at-spi-bus-laun-+-dbus-daemon
        |         |         |         |                 |-{dconf worker}
        |         |         |         |                 |-{gdbus}
        |         |         |         |                 `-{gmain}
        |         |         |         |-at-spi2-registr-+-{gdbus}
        |         |         |         |                 `-{gmain}
        |         |         |         |-bamfdaemon-+-{dconf worker}
        |         |         |         |            |-{gdbus}
        |         |         |         |            `-{gmain}
        |         |         |         |-chrome_crashpad---2*[{chrome_crashpad}]
        |         |         |         |-code-+-code---code-+-{Chrome_ChildIOT}
        |         |         |         |      |             |-{Thread<00>}
        |         |         |         |      |             |-{Thread<01>}
        |         |         |         |      |             |-{ThreadPoolForeg}
        |         |         |         |      |             |-{ThreadPoolServi}
        |         |         |         |      |             |-{VizCompositorTh}
        |         |         |         |      |             `-{code}
        |         |         |         |      |-code---code
        |         |         |         |      |-code-+-{Chrome_ChildIOT}
        |         |         |         |      |      |-{ThreadPoolForeg}
        |         |         |         |      |      |-{ThreadPoolServi}
        |         |         |         |      |      `-{inotify_reader}
        |         |         |         |      |-code-+-{Chrome_ChildIOT}
        |         |         |         |      |      |-2*[{CompositorTileW}]
        |         |         |         |      |      |-{Compositor}
        |         |         |         |      |      |-3*[{DedicatedWorker}]
        |         |         |         |      |      |-{GpuMemoryThread}
        |         |         |         |      |      |-{MemoryInfra}
        |         |         |         |      |      |-3*[{ThreadPoolForeg}]
        |         |         |         |      |      |-{ThreadPoolServi}
        |         |         |         |      |      |-{ThreadPoolSingl}
        |         |         |         |      |      |-{WebCrypto}
        |         |         |         |      |      `-{code}
        |         |         |         |      |-code-+-code-+-bash---pstree
        |         |         |         |      |      |      |-{ThreadPoolForeg}
        |         |         |         |      |      |      |-{ThreadPoolServi}
        |         |         |         |      |      |      `-10*[{code}]
        |         |         |         |      |      |-code-+-{ThreadPoolForeg}
        |         |         |         |      |      |      |-{ThreadPoolServi}
        |         |         |         |      |      |      `-11*[{code}]
        |         |         |         |      |      |-{Chrome_ChildIOT}
        |         |         |         |      |      |-2*[{CompositorTileW}]
        |         |         |         |      |      |-{Compositor}
        |         |         |         |      |      |-2*[{DedicatedWorker}]
        |         |         |         |      |      |-{GpuMemoryThread}
        |         |         |         |      |      |-3*[{ThreadPoolForeg}]
        |         |         |         |      |      |-{ThreadPoolServi}
        |         |         |         |      |      |-{ThreadPoolSingl}
        |         |         |         |      |      `-5*[{code}]
        |         |         |         |      |-code-+-code-+-{ThreadPoolForeg}
        |         |         |         |      |      |      |-{ThreadPoolServi}
        |         |         |         |      |      |      `-5*[{code}]
        |         |         |         |      |      |-cpptools---11*[{cpptools}]
        |         |         |         |      |      |-{ThreadPoolForeg}
        |         |         |         |      |      |-{ThreadPoolServi}
        |         |         |         |      |      `-10*[{code}]
        |         |         |         |      |-{Bluez D-Bus thr}
        |         |         |         |      |-{CacheThread_Blo}
        |         |         |         |      |-{Chrome_IOThread}
        |         |         |         |      |-{CompositorTileW}
        |         |         |         |      |-{CrShutdownDetec}
        |         |         |         |      |-{MemoryInfra}
        |         |         |         |      |-{ThreadPoolForeg}
        |         |         |         |      |-{ThreadPoolServi}
        |         |         |         |      |-3*[{ThreadPoolSingl}]
        |         |         |         |      |-{VideoCaptureThr}
        |         |         |         |      |-12*[{code}]
        |         |         |         |      |-{dconf worker}
        |         |         |         |      |-{gdbus}
        |         |         |         |      |-{gmain}
        |         |         |         |      |-{inotify_reader}
        |         |         |         |      `-{sandbox_ipc_thr}
        |         |         |         |-compiz-+-{dconf worker}
        |         |         |         |        |-{gdbus}
        |         |         |         |        |-{gmain}
        |         |         |         |        `-2*[{pool}]
        |         |         |         |-3*[dbus-daemon]
        |         |         |         |-dbus-launch
        |         |         |         |-2*[dconf-service-+-{gdbus}]
        |         |         |         |                  `-{gmain}]
        |         |         |         |-deja-dup-+-{dconf worker}
        |         |         |         |          |-{gdbus}
        |         |         |         |          `-{gmain}
        |         |         |         |-evolution-addre-+-evolution-addre-+-{dconf worker}
        |         |         |         |                 |                 |-{evolution-addre}
        |         |         |         |                 |                 |-{gdbus}
        |         |         |         |                 |                 `-{gmain}
        |         |         |         |                 |-{dconf worker}
        |         |         |         |                 |-{evolution-addre}
        |         |         |         |                 |-{gdbus}
        |         |         |         |                 `-{gmain}
        |         |         |         |-evolution-calen-+-evolution-calen-+-{dconf worker}
        |         |         |         |                 |                 |-{evolution-calen}
        |         |         |         |                 |                 |-{gdbus}
        |         |         |         |                 |                 `-{gmain}
        |         |         |         |                 |-evolution-calen-+-{dconf worker}
        |         |         |         |                 |                 |-2*[{evolution-calen}]
        |         |         |         |                 |                 |-{gdbus}
        |         |         |         |                 |                 |-{gmain}
        |         |         |         |                 |                 `-{pool}
        |         |         |         |                 |-{dconf worker}
        |         |         |         |                 |-{evolution-calen}
        |         |         |         |                 |-{gdbus}
        |         |         |         |                 `-{gmain}
        |         |         |         |-evolution-sourc-+-{dconf worker}
        |         |         |         |                 |-{gdbus}
        |         |         |         |                 `-{gmain}
        |         |         |         |-fcitx---{fcitx}
        |         |         |         |-fcitx-dbus-watc
        |         |         |         |-fcitx-qimpanel-+-{QQmlThread}
        |         |         |         |                |-{QXcbEventReader}
        |         |         |         |                |-{dconf worker}
        |         |         |         |                |-{gdbus}
        |         |         |         |                `-{gmain}
        |         |         |         |-gedit-+-{dconf worker}
        |         |         |         |       |-{gdbus}
        |         |         |         |       `-{gmain}
        |         |         |         |-gnome-session-b-+-deja-dup-monito-+-{dconf worker}
        |         |         |         |                 |                 |-{gdbus}
        |         |         |         |                 |                 `-{gmain}
        |         |         |         |                 |-gnome-software-+-{dconf worker}
        |         |         |         |                 |                |-{gdbus}
        |         |         |         |                 |                `-{gmain}
        |         |         |         |                 |-nautilus-+-{dconf worker}
        |         |         |         |                 |          |-{gdbus}
        |         |         |         |                 |          |-{gmain}
        |         |         |         |                 |          `-2*[{pool}]
        |         |         |         |                 |-nm-applet-+-{dconf worker}
        |         |         |         |                 |           |-{gdbus}
        |         |         |         |                 |           `-{gmain}
        |         |         |         |                 |-polkit-gnome-au-+-{dconf worker}
        |         |         |         |                 |                 |-{gdbus}
        |         |         |         |                 |                 `-{gmain}
        |         |         |         |                 |-unity-fallback--+-{dconf worker}
        |         |         |         |                 |                 |-{gdbus}
        |         |         |         |                 |                 `-{gmain}
        |         |         |         |                 |-update-notifier-+-{dconf worker}
        |         |         |         |                 |                 |-{gdbus}
        |         |         |         |                 |                 `-{gmain}
        |         |         |         |                 |-zeitgeist-datah-+-{gdbus}
        |         |         |         |                 |                 |-{gmain}
        |         |         |         |                 |                 `-2*[{pool}]
        |         |         |         |                 |-{dconf worker}
        |         |         |         |                 |-{gdbus}
        |         |         |         |                 `-{gmain}
        |         |         |         |-gnome-terminal--+-bash
        |         |         |         |                 |-{dconf worker}
        |         |         |         |                 |-{gdbus}
        |         |         |         |                 `-{gmain}
        |         |         |         |-gpg-agent
        |         |         |         |-gvfs-afc-volume-+-{gdbus}
        |         |         |         |                 |-{gmain}
        |         |         |         |                 `-{gvfs-afc-volume}
        |         |         |         |-gvfs-goa-volume-+-{gdbus}
        |         |         |         |                 `-{gmain}
        |         |         |         |-gvfs-gphoto2-vo-+-{gdbus}
        |         |         |         |                 `-{gmain}
        |         |         |         |-gvfs-mtp-volume-+-{gdbus}
        |         |         |         |                 `-{gmain}
        |         |         |         |-gvfs-udisks2-vo-+-{gdbus}
        |         |         |         |                 `-{gmain}
        |         |         |         |-gvfsd-+-{gdbus}
        |         |         |         |       `-{gmain}
        |         |         |         |-gvfsd-dnssd-+-{gdbus}
        |         |         |         |             `-{gmain}
        |         |         |         |-gvfsd-fuse-+-{gdbus}
        |         |         |         |            |-{gmain}
        |         |         |         |            |-{gvfs-fuse-sub}
        |         |         |         |            `-2*[{gvfsd-fuse}]
        |         |         |         |-gvfsd-http-+-{gdbus}
        |         |         |         |            `-{gmain}
        |         |         |         |-gvfsd-metadata-+-{gdbus}
        |         |         |         |                `-{gmain}
        |         |         |         |-gvfsd-network-+-{dconf worker}
        |         |         |         |               |-{gdbus}
        |         |         |         |               `-{gmain}
        |         |         |         |-gvfsd-trash-+-{gdbus}
        |         |         |         |             `-{gmain}
        |         |         |         |-hud-service-+-{dconf worker}
        |         |         |         |             |-{gdbus}
        |         |         |         |             `-{gmain}
        |         |         |         |-indicator-appli-+-{gdbus}
        |         |         |         |                 `-{gmain}
        |         |         |         |-indicator-bluet-+-{dconf worker}
        |         |         |         |                 |-{gdbus}
        |         |         |         |                 `-{gmain}
        |         |         |         |-indicator-datet-+-{dconf worker}
        |         |         |         |                 |-{gdbus}
        |         |         |         |                 |-{gmain}
        |         |         |         |                 |-{indicator-datet}
        |         |         |         |                 `-{pool}
        |         |         |         |-indicator-keybo-+-{dconf worker}
        |         |         |         |                 |-{gdbus}
        |         |         |         |                 `-{gmain}
        |         |         |         |-indicator-messa-+-{dconf worker}
        |         |         |         |                 |-{gdbus}
        |         |         |         |                 `-{gmain}
        |         |         |         |-indicator-power-+-{dconf worker}
        |         |         |         |                 |-{gdbus}
        |         |         |         |                 `-{gmain}
        |         |         |         |-indicator-print-+-{dconf worker}
        |         |         |         |                 |-{gdbus}
        |         |         |         |                 `-{gmain}
        |         |         |         |-indicator-sessi-+-{dconf worker}
        |         |         |         |                 |-{gdbus}
        |         |         |         |                 `-{gmain}
        |         |         |         |-indicator-sound-+-{dconf worker}
        |         |         |         |                 |-{gdbus}
        |         |         |         |                 `-{gmain}
        |         |         |         |-notify-osd-+-{dconf worker}
        |         |         |         |            |-{gdbus}
        |         |         |         |            `-{gmain}
        |         |         |         |-pulseaudio-+-{alsa-sink-ES137}
        |         |         |         |            |-{alsa-source-ES1}
        |         |         |         |            `-{snapd-glib}
        |         |         |         |-sd_cicero-+-sd_cicero
        |         |         |         |           |-{sd_cicero}
        |         |         |         |           `-{threaded-ml}
        |         |         |         |-sd_dummy-+-{sd_dummy}
        |         |         |         |          `-{threaded-ml}
        |         |         |         |-sd_espeak-+-3*[{sd_espeak}]
        |         |         |         |           `-{threaded-ml}
        |         |         |         |-sd_generic-+-{sd_generic}
        |         |         |         |            `-{threaded-ml}
        |         |         |         |-sh---zeitgeist-daemo-+-{gdbus}
        |         |         |         |                      `-{gmain}
        |         |         |         |-speech-dispatch---{speech-dispatch}
        |         |         |         |-4*[ssh-agent]
        |         |         |         |-unity-files-dae-+-{dconf worker}
        |         |         |         |                 |-{gdbus}
        |         |         |         |                 |-{gmain}
        |         |         |         |                 `-2*[{pool}]
        |         |         |         |-unity-panel-ser-+-{dconf worker}
        |         |         |         |                 |-{gdbus}
        |         |         |         |                 `-{gmain}
        |         |         |         |-unity-scope-hom-+-{dconf worker}
        |         |         |         |                 |-{gdbus}
        |         |         |         |                 `-{gmain}
        |         |         |         |-unity-scope-loa-+-{dconf worker}
        |         |         |         |                 |-{gdbus}
        |         |         |         |                 `-{gmain}
        |         |         |         |-unity-settings--+-{dconf worker}
        |         |         |         |                 |-{gdbus}
        |         |         |         |                 `-{gmain}
        |         |         |         |-update-manager-+-{dconf worker}
        |         |         |         |                |-{gdbus}
        |         |         |         |                `-{gmain}
        |         |         |         |-2*[upstart-dbus-br]
        |         |         |         |-upstart-file-br
        |         |         |         |-upstart-udev-br
        |         |         |         |-vmtoolsd-+-{dconf worker}
        |         |         |         |          |-{gdbus}
        |         |         |         |          `-{gmain}
        |         |         |         |-window-stack-br
        |         |         |         |-2*[xdg-desktop-por-+-{dconf worker}]
        |         |         |         |                    |-{gdbus}]
        |         |         |         |                    `-{gmain}]
        |         |         |         |-xdg-document-po-+-3*[{fuse mainloop}]
        |         |         |         |                 |-{gdbus}
        |         |         |         |                 `-{gmain}
        |         |         |         |-xdg-permission--+-{gdbus}
        |         |         |         |                 `-{gmain}
        |         |         |         `-zeitgeist-fts-+-{gdbus}
        |         |         |                         `-{gmain}
        |         |         |-{gdbus}
        |         |         `-{gmain}
        |         |-{gdbus}
        |         `-{gmain}
        |-polkitd-+-{gdbus}
        |         `-{gmain}
        |-rsyslogd-+-{in:imklog}
        |          |-{in:imuxsock}
        |          `-{rs:main Q:Reg}
        |-rtkit-daemon---2*[{rtkit-daemon}]
        |-sshd
        |-systemd---(sd-pam)
        |-systemd-journal
        |-systemd-logind
        |-systemd-network
        |-systemd-timesyn---{sd-resolve}
        |-systemd-udevd
        |-udisksd-+-{cleanup}
        |         |-{gdbus}
        |         |-{gmain}
        |         `-{probing-thread}
        |-unattended-upgr---{gmain}
        |-upowerd-+-{gdbus}
        |         `-{gmain}
        |-vmtoolsd---{gmain}
        |-vmware-vmblock----3*[{vmware-vmblock-}]
        `-whoopsie-+-{gdbus}
                   `-{gmain}
