systemd(1)-+-NetworkManager(870)-+-dhclient(24225)
           |                     |-dnsmasq(1119)
           |                     |-{gdbus}(949)
           |                     `-{gmain}(947)
           |-VGAuthService(818)
           |-accounts-daemon(819)-+-{gdbus}(869)
           |                      `-{gmain}(865)
           |-acpid(877)
           |-agetty(924)
           |-avahi-daemon(879)---avahi-daemon(903)
           |-bluetoothd(824)
           |-colord(1321)-+-{gdbus}(1324)
           |              `-{gmain}(1322)
           |-cron(841)
           |-cups-browsed(3695)-+-{gdbus}(3703)
           |                    `-{gmain}(3702)
           |-cupsd(3694)---dbus(3697)
           |-dbus-daemon(844)
           |-fwupd(1932)-+-{GUsbEventThread}(2032)
           |             |-{fwupd}(2031)
           |             |-{gdbus}(2033)
           |             `-{gmain}(1946)
           |-gnome-keyring-d(1479)-+-{gdbus}(1621)
           |                       |-{gmain}(1480)
           |                       `-{timer}(1604)
           |-irqbalance(909)
           |-lightdm(929)-+-Xorg(940)---{InputThread}(1002)
           |              |-lightdm(1057)-+-upstart(1482)-+-at-spi-bus-laun(1702)-+-dbus-daemon(1717)
           |              |               |               |                       |-{dconf worker}(1708)
           |              |               |               |                       |-{gdbus}(1714)
           |              |               |               |                       `-{gmain}(1712)
           |              |               |               |-at-spi2-registr(1730)-+-{gdbus}(1735)
           |              |               |               |                       `-{gmain}(1734)
           |              |               |               |-bamfdaemon(1631)-+-{dconf worker}(1639)
           |              |               |               |                  |-{gdbus}(1641)
           |              |               |               |                  `-{gmain}(1640)
           |              |               |               |-chrome_crashpad(24721)-+-{chrome_crashpad}(24722)
           |              |               |               |                        `-{chrome_crashpad}(24723)
           |              |               |               |-code(24698)-+-code(24704)---code(24736)-+-{Chrome_ChildIOT}(24763)
           |              |               |               |             |                           |-{Thread<00>}(24740)
           |              |               |               |             |                           |-{Thread<01>}(24741)
           |              |               |               |             |                           |-{ThreadPoolForeg}(24762)
           |              |               |               |             |                           |-{ThreadPoolServi}(24761)
           |              |               |               |             |                           |-{VizCompositorTh}(24767)
           |              |               |               |             |                           `-{code}(24745)
           |              |               |               |             |-code(24705)---code(24707)
           |              |               |               |             |-code(24779)-+-{Chrome_ChildIOT}(24784)
           |              |               |               |             |             |-{ThreadPoolForeg}(26975)
           |              |               |               |             |             |-{ThreadPoolForeg}(35792)
           |              |               |               |             |             |-{ThreadPoolServi}(24782)
           |              |               |               |             |             `-{inotify_reader}(24787)
           |              |               |               |             |-code(24790)-+-{Chrome_ChildIOT}(24812)
           |              |               |               |             |             |-{CompositorTileW}(24825)
           |              |               |               |             |             |-{CompositorTileW}(24826)
           |              |               |               |             |             |-{Compositor}(24823)
           |              |               |               |             |             |-{DedicatedWorker}(27550)
           |              |               |               |             |             |-{DedicatedWorker}(34976)
           |              |               |               |             |             |-{DedicatedWorker}(35798)
           |              |               |               |             |             |-{GpuMemoryThread}(24814)
           |              |               |               |             |             |-{MemoryInfra}(24957)
           |              |               |               |             |             |-{ThreadPoolForeg}(35702)
           |              |               |               |             |             |-{ThreadPoolForeg}(35740)
           |              |               |               |             |             |-{ThreadPoolForeg}(35741)
           |              |               |               |             |             |-{ThreadPoolServi}(24810)
           |              |               |               |             |             |-{ThreadPoolSingl}(24824)
           |              |               |               |             |             |-{WebCrypto}(24949)
           |              |               |               |             |             `-{code}(24827)
           |              |               |               |             |-code(24829)-+-code(24853)-+-bash(26191)---pstree(35836)
           |              |               |               |             |             |             |-{ThreadPoolForeg}(24871)
           |              |               |               |             |             |             |-{ThreadPoolServi}(24870)
           |              |               |               |             |             |             |-{code}(24872)
           |              |               |               |             |             |             |-{code}(24873)
           |              |               |               |             |             |             |-{code}(24874)
           |              |               |               |             |             |             |-{code}(24875)
           |              |               |               |             |             |             |-{code}(24882)
           |              |               |               |             |             |             |-{code}(24884)
           |              |               |               |             |             |             |-{code}(24885)
           |              |               |               |             |             |             |-{code}(24886)
           |              |               |               |             |             |             |-{code}(24887)
           |              |               |               |             |             |             `-{code}(26192)
           |              |               |               |             |             |-code(25012)-+-{ThreadPoolForeg}(25021)
           |              |               |               |             |             |             |-{ThreadPoolServi}(25020)
           |              |               |               |             |             |             |-{code}(25022)
           |              |               |               |             |             |             |-{code}(25024)
           |              |               |               |             |             |             |-{code}(25025)
           |              |               |               |             |             |             |-{code}(25026)
           |              |               |               |             |             |             |-{code}(25027)
           |              |               |               |             |             |             |-{code}(25028)
           |              |               |               |             |             |             |-{code}(25029)
           |              |               |               |             |             |             |-{code}(25030)
           |              |               |               |             |             |             |-{code}(25031)
           |              |               |               |             |             |             |-{code}(25036)
           |              |               |               |             |             |             `-{code}(25037)
           |              |               |               |             |             |-{Chrome_ChildIOT}(24832)
           |              |               |               |             |             |-{CompositorTileW}(24839)
           |              |               |               |             |             |-{CompositorTileW}(24840)
           |              |               |               |             |             |-{Compositor}(24836)
           |              |               |               |             |             |-{DedicatedWorker}(24890)
           |              |               |               |             |             |-{DedicatedWorker}(24892)
           |              |               |               |             |             |-{GpuMemoryThread}(24834)
           |              |               |               |             |             |-{ThreadPoolForeg}(35706)
           |              |               |               |             |             |-{ThreadPoolForeg}(35742)
           |              |               |               |             |             |-{ThreadPoolForeg}(35743)
           |              |               |               |             |             |-{ThreadPoolServi}(24830)
           |              |               |               |             |             |-{ThreadPoolSingl}(24837)
           |              |               |               |             |             |-{code}(24841)
           |              |               |               |             |             |-{code}(24864)
           |              |               |               |             |             |-{code}(24865)
           |              |               |               |             |             |-{code}(24866)
           |              |               |               |             |             `-{code}(24867)
           |              |               |               |             |-code(25013)-+-code(25089)-+-{ThreadPoolForeg}(25091)
           |              |               |               |             |             |             |-{ThreadPoolServi}(25090)
           |              |               |               |             |             |             |-{code}(25092)
           |              |               |               |             |             |             |-{code}(25093)
           |              |               |               |             |             |             |-{code}(25094)
           |              |               |               |             |             |             |-{code}(25095)
           |              |               |               |             |             |             `-{code}(25096)
           |              |               |               |             |             |-cpptools(25062)-+-{cpptools}(25063)
           |              |               |               |             |             |                 |-{cpptools}(25064)
           |              |               |               |             |             |                 |-{cpptools}(25065)
           |              |               |               |             |             |                 |-{cpptools}(25066)
           |              |               |               |             |             |                 |-{cpptools}(25067)
           |              |               |               |             |             |                 |-{cpptools}(25068)
           |              |               |               |             |             |                 |-{cpptools}(27800)
           |              |               |               |             |             |                 |-{cpptools}(27801)
           |              |               |               |             |             |                 |-{cpptools}(27802)
           |              |               |               |             |             |                 |-{cpptools}(27803)
           |              |               |               |             |             |                 `-{cpptools}(31195)
           |              |               |               |             |             |-{ThreadPoolForeg}(25015)
           |              |               |               |             |             |-{ThreadPoolServi}(25014)
           |              |               |               |             |             |-{code}(25016)
           |              |               |               |             |             |-{code}(25017)
           |              |               |               |             |             |-{code}(25018)
           |              |               |               |             |             |-{code}(25019)
           |              |               |               |             |             |-{code}(25023)
           |              |               |               |             |             |-{code}(25032)
           |              |               |               |             |             |-{code}(25033)
           |              |               |               |             |             |-{code}(25034)
           |              |               |               |             |             |-{code}(25035)
           |              |               |               |             |             `-{code}(25039)
           |              |               |               |             |-{Bluez D-Bus thr}(24728)
           |              |               |               |             |-{CacheThread_Blo}(24789)
           |              |               |               |             |-{Chrome_IOThread}(24713)
           |              |               |               |             |-{CompositorTileW}(24738)
           |              |               |               |             |-{CrShutdownDetec}(24729)
           |              |               |               |             |-{MemoryInfra}(24714)
           |              |               |               |             |-{ThreadPoolForeg}(35652)
           |              |               |               |             |-{ThreadPoolForeg}(35796)
           |              |               |               |             |-{ThreadPoolForeg}(35797)
           |              |               |               |             |-{ThreadPoolServi}(24709)
           |              |               |               |             |-{ThreadPoolSingl}(24727)
           |              |               |               |             |-{ThreadPoolSingl}(24735)
           |              |               |               |             |-{ThreadPoolSingl}(24788)
           |              |               |               |             |-{VideoCaptureThr}(24744)
           |              |               |               |             |-{code}(24708)
           |              |               |               |             |-{code}(24715)
           |              |               |               |             |-{code}(24716)
           |              |               |               |             |-{code}(24717)
           |              |               |               |             |-{code}(24718)
           |              |               |               |             |-{code}(24719)
           |              |               |               |             |-{code}(24748)
           |              |               |               |             |-{code}(24749)
           |              |               |               |             |-{code}(24750)
           |              |               |               |             |-{code}(24751)
           |              |               |               |             |-{code}(24752)
           |              |               |               |             |-{code}(24807)
           |              |               |               |             |-{dconf worker}(24724)
           |              |               |               |             |-{gdbus}(24726)
           |              |               |               |             |-{gmain}(24725)
           |              |               |               |             |-{inotify_reader}(24730)
           |              |               |               |             `-{sandbox_ipc_thr}(24702)
           |              |               |               |-compiz(1849)-+-{dconf worker}(1865)
           |              |               |               |              |-{gdbus}(1866)
           |              |               |               |              |-{gmain}(1858)
           |              |               |               |              |-{pool}(9857)
           |              |               |               |              `-{pool}(9858)
           |              |               |               |-cpptools-srv(30908)-+-{cpptools-srv}(30909)
           |              |               |               |                     |-{cpptools-srv}(30910)
           |              |               |               |                     |-{cpptools-srv}(30911)
           |              |               |               |                     |-{cpptools-srv}(30912)
           |              |               |               |                     |-{cpptools-srv}(30913)
           |              |               |               |                     |-{cpptools-srv}(30914)
           |              |               |               |                     |-{cpptools-srv}(30915)
           |              |               |               |                     |-{cpptools-srv}(30916)
           |              |               |               |                     `-{cpptools-srv}(31197)
           |              |               |               |-dbus-daemon(12515)
           |              |               |               |-dbus-daemon(1560)
           |              |               |               |-dbus-daemon(1622)
           |              |               |               |-dbus-launch(12514)
           |              |               |               |-dconf-service(12518)-+-{gdbus}(12520)
           |              |               |               |                      `-{gmain}(12519)
           |              |               |               |-dconf-service(1754)-+-{gdbus}(1756)
           |              |               |               |                     `-{gmain}(1755)
           |              |               |               |-deja-dup(3547)-+-{dconf worker}(3550)
           |              |               |               |                |-{gdbus}(3552)
           |              |               |               |                `-{gmain}(3551)
           |              |               |               |-evolution-addre(1991)-+-evolution-addre(2007)-+-{dconf worker}(2011)
           |              |               |               |                       |                       |-{evolution-addre}(2012)
           |              |               |               |                       |                       |-{gdbus}(2010)
           |              |               |               |                       |                       `-{gmain}(2008)
           |              |               |               |                       |-{dconf worker}(2002)
           |              |               |               |                       |-{evolution-addre}(2003)
           |              |               |               |                       |-{gdbus}(2004)
           |              |               |               |                       `-{gmain}(2000)
           |              |               |               |-evolution-calen(1861)-+-evolution-calen(1905)-+-{dconf worker}(1938)
           |              |               |               |                       |                       |-{evolution-calen}(1939)
           |              |               |               |                       |                       |-{gdbus}(1941)
           |              |               |               |                       |                       `-{gmain}(1940)
           |              |               |               |                       |-evolution-calen(1955)-+-{dconf worker}(1971)
           |              |               |               |                       |                       |-{evolution-calen}(1972)
           |              |               |               |                       |                       |-{evolution-calen}(1984)
           |              |               |               |                       |                       |-{gdbus}(1974)
           |              |               |               |                       |                       |-{gmain}(1973)
           |              |               |               |                       |                       `-{pool}(1981)
           |              |               |               |                       |-{dconf worker}(1895)
           |              |               |               |                       |-{evolution-calen}(1896)
           |              |               |               |                       |-{gdbus}(1899)
           |              |               |               |                       `-{gmain}(1881)
           |              |               |               |-evolution-sourc(1827)-+-{dconf worker}(1838)
           |              |               |               |                       |-{gdbus}(1845)
           |              |               |               |                       `-{gmain}(1839)
           |              |               |               |-fcitx(1606)---{fcitx}(1665)
           |              |               |               |-fcitx-dbus-watc(1628)
           |              |               |               |-fcitx-qimpanel(2062)-+-{QQmlThread}(2068)
           |              |               |               |                      |-{QXcbEventReader}(2063)
           |              |               |               |                      |-{dconf worker}(2064)
           |              |               |               |                      |-{gdbus}(2066)
           |              |               |               |                      `-{gmain}(2065)
           |              |               |               |-gedit(29631)-+-{dconf worker}(29635)
           |              |               |               |              |-{gdbus}(29634)
           |              |               |               |              `-{gmain}(29633)
           |              |               |               |-gnome-session-b(1704)-+-deja-dup-monito(2528)-+-{dconf worker}(2531)
           |              |               |               |                       |                       |-{gdbus}(2533)
           |              |               |               |                       |                       `-{gmain}(2532)
           |              |               |               |                       |-gnome-software(1906)-+-{dconf worker}(1917)
           |              |               |               |                       |                      |-{gdbus}(1915)
           |              |               |               |                       |                      `-{gmain}(1914)
           |              |               |               |                       |-nautilus(1891)-+-{dconf worker}(2001)
           |              |               |               |                       |                |-{gdbus}(1967)
           |              |               |               |                       |                |-{gmain}(1966)
           |              |               |               |                       |                |-{pool}(9759)
           |              |               |               |                       |                |-{pool}(9760)
           |              |               |               |                       |                `-{pool}(35837)
           |              |               |               |                       |-nm-applet(1903)-+-{dconf worker}(1910)
           |              |               |               |                       |                 |-{gdbus}(1912)
           |              |               |               |                       |                 `-{gmain}(1911)
           |              |               |               |                       |-polkit-gnome-au(1913)-+-{dconf worker}(1922)
           |              |               |               |                       |                       |-{gdbus}(1930)
           |              |               |               |                       |                       `-{gmain}(1928)
           |              |               |               |                       |-unity-fallback-(1909)-+-{dconf worker}(1942)
           |              |               |               |                       |                       |-{gdbus}(1948)
           |              |               |               |                       |                       `-{gmain}(1947)
           |              |               |               |                       |-update-notifier(2146)-+-{dconf worker}(2149)
           |              |               |               |                       |                       |-{gdbus}(2151)
           |              |               |               |                       |                       `-{gmain}(2150)
           |              |               |               |                       |-zeitgeist-datah(2072)-+-{gdbus}(2077)
           |              |               |               |                       |                       |-{gmain}(2075)
           |              |               |               |                       |                       |-{pool}(2096)
           |              |               |               |                       |                       `-{pool}(2097)
           |              |               |               |                       |-{dconf worker}(1825)
           |              |               |               |                       |-{gdbus}(1758)
           |              |               |               |                       `-{gmain}(1757)
           |              |               |               |-gnome-terminal-(25271)-+-bash(25276)
           |              |               |               |                        |-{dconf worker}(25272)
           |              |               |               |                        |-{gdbus}(25274)
           |              |               |               |                        `-{gmain}(25273)
           |              |               |               |-gpg-agent(1676)
           |              |               |               |-gvfs-afc-volume(1964)-+-{gdbus}(1980)
           |              |               |               |                       |-{gmain}(1976)
           |              |               |               |                       `-{gvfs-afc-volume}(1975)
           |              |               |               |-gvfs-goa-volume(1950)-+-{gdbus}(1958)
           |              |               |               |                       `-{gmain}(1957)
           |              |               |               |-gvfs-gphoto2-vo(1983)-+-{gdbus}(1994)
           |              |               |               |                       `-{gmain}(1992)
           |              |               |               |-gvfs-mtp-volume(1996)-+-{gdbus}(1999)
           |              |               |               |                       `-{gmain}(1997)
           |              |               |               |-gvfs-udisks2-vo(1901)-+-{gdbus}(1908)
           |              |               |               |                       `-{gmain}(1907)
           |              |               |               |-gvfsd(1644)-+-{gdbus}(1646)
           |              |               |               |             `-{gmain}(1645)
           |              |               |               |-gvfsd-dnssd(9812)-+-{gdbus}(9814)
           |              |               |               |                   `-{gmain}(9813)
           |              |               |               |-gvfsd-fuse(1649)-+-{gdbus}(1656)
           |              |               |               |                  |-{gmain}(1655)
           |              |               |               |                  |-{gvfs-fuse-sub}(1661)
           |              |               |               |                  |-{gvfsd-fuse}(1652)
           |              |               |               |                  `-{gvfsd-fuse}(1653)
           |              |               |               |-gvfsd-http(29360)-+-{gdbus}(29362)
           |              |               |               |                   `-{gmain}(29361)
           |              |               |               |-gvfsd-metadata(2053)-+-{gdbus}(2057)
           |              |               |               |                      `-{gmain}(2056)
           |              |               |               |-gvfsd-network(9697)-+-{dconf worker}(9702)
           |              |               |               |                     |-{gdbus}(9699)
           |              |               |               |                     `-{gmain}(9698)
           |              |               |               |-gvfsd-trash(2018)-+-{gdbus}(2020)
           |              |               |               |                   `-{gmain}(2019)
           |              |               |               |-hud-service(1691)-+-{dconf worker}(1731)
           |              |               |               |                   |-{gdbus}(1733)
           |              |               |               |                   `-{gmain}(1732)
           |              |               |               |-indicator-appli(1808)-+-{gdbus}(1820)
           |              |               |               |                       `-{gmain}(1816)
           |              |               |               |-indicator-bluet(1761)-+-{dconf worker}(1765)
           |              |               |               |                       |-{gdbus}(1764)
           |              |               |               |                       `-{gmain}(1762)
           |              |               |               |-indicator-datet(1767)-+-{dconf worker}(1806)
           |              |               |               |                       |-{gdbus}(1810)
           |              |               |               |                       |-{gmain}(1779)
           |              |               |               |                       |-{indicator-datet}(1855)
           |              |               |               |                       `-{pool}(1809)
           |              |               |               |-indicator-keybo(1774)-+-{dconf worker}(1802)
           |              |               |               |                       |-{gdbus}(1818)
           |              |               |               |                       `-{gmain}(1817)
           |              |               |               |-indicator-messa(1760)-+-{dconf worker}(1800)
           |              |               |               |                       |-{gdbus}(1786)
           |              |               |               |                       `-{gmain}(1783)
           |              |               |               |-indicator-power(1766)-+-{dconf worker}(1770)
           |              |               |               |                       |-{gdbus}(1777)
           |              |               |               |                       `-{gmain}(1768)
           |              |               |               |-indicator-print(1776)-+-{dconf worker}(1828)
           |              |               |               |                       |-{gdbus}(1836)
           |              |               |               |                       `-{gmain}(1835)
           |              |               |               |-indicator-sessi(1778)-+-{dconf worker}(1787)
           |              |               |               |                       |-{gdbus}(1799)
           |              |               |               |                       `-{gmain}(1788)
           |              |               |               |-indicator-sound(1775)-+-{dconf worker}(1803)
           |              |               |               |                       |-{gdbus}(1782)
           |              |               |               |                       `-{gmain}(1780)
           |              |               |               |-notify-osd(1667)-+-{dconf worker}(1670)
           |              |               |               |                  |-{gdbus}(1672)
           |              |               |               |                  `-{gmain}(1671)
           |              |               |               |-pulseaudio(1831)-+-{alsa-sink-ES137}(1843)
           |              |               |               |                  |-{alsa-source-ES1}(1844)
           |              |               |               |                  `-{snapd-glib}(1852)
           |              |               |               |-sd_cicero(23750)-+-sd_cicero(23751)
           |              |               |               |                  |-{sd_cicero}(23752)
           |              |               |               |                  `-{threaded-ml}(23753)
           |              |               |               |-sd_dummy(23757)-+-{sd_dummy}(23758)
           |              |               |               |                 `-{threaded-ml}(23759)
           |              |               |               |-sd_espeak(23760)-+-{sd_espeak}(23761)
           |              |               |               |                  |-{sd_espeak}(23762)
           |              |               |               |                  |-{sd_espeak}(23763)
           |              |               |               |                  `-{threaded-ml}(23764)
           |              |               |               |-sd_generic(23754)-+-{sd_generic}(23755)
           |              |               |               |                   `-{threaded-ml}(23756)
           |              |               |               |-sh(2079)---zeitgeist-daemo(2086)-+-{gdbus}(2088)
           |              |               |               |                                  `-{gmain}(2087)
           |              |               |               |-speech-dispatch(23765)---{speech-dispatch}(23766)
           |              |               |               |-ssh-agent(23928)
           |              |               |               |-ssh-agent(25111)
           |              |               |               |-ssh-agent(25313)
           |              |               |               |-ssh-agent(26690)
           |              |               |               |-unity-files-dae(17139)-+-{dconf worker}(17142)
           |              |               |               |                        |-{gdbus}(17141)
           |              |               |               |                        |-{gmain}(17140)
           |              |               |               |                        |-{pool}(17144)
           |              |               |               |                        `-{pool}(17145)
           |              |               |               |-unity-panel-ser(1720)-+-{dconf worker}(1736)
           |              |               |               |                       |-{gdbus}(1738)
           |              |               |               |                       `-{gmain}(1737)
           |              |               |               |-unity-scope-hom(17126)-+-{dconf worker}(17127)
           |              |               |               |                        |-{gdbus}(17129)
           |              |               |               |                        `-{gmain}(17128)
           |              |               |               |-unity-scope-loa(17137)-+-{dconf worker}(17146)
           |              |               |               |                        |-{gdbus}(17149)
           |              |               |               |                        `-{gmain}(17148)
           |              |               |               |-unity-settings-(1693)-+-{dconf worker}(1701)
           |              |               |               |                       |-{gdbus}(1706)
           |              |               |               |                       `-{gmain}(1705)
           |              |               |               |-update-manager(20920)-+-{dconf worker}(20921)
           |              |               |               |                       |-{gdbus}(20923)
           |              |               |               |                       `-{gmain}(20922)
           |              |               |               |-upstart-dbus-br(1591)
           |              |               |               |-upstart-dbus-br(1599)
           |              |               |               |-upstart-file-br(1615)
           |              |               |               |-upstart-udev-br(1559)
           |              |               |               |-vmtoolsd(1889)-+-{dconf worker}(1965)
           |              |               |               |                |-{gdbus}(1970)
           |              |               |               |                `-{gmain}(1969)
           |              |               |               |-window-stack-br(1572)
           |              |               |               |-xdg-desktop-por(24734)-+-{dconf worker}(24772)
           |              |               |               |                        |-{gdbus}(24742)
           |              |               |               |                        |-{gmain}(24739)
           |              |               |               |                        `-{pool}(35815)
           |              |               |               |-xdg-desktop-por(24774)-+-{dconf worker}(24775)
           |              |               |               |                        |-{gdbus}(24777)
           |              |               |               |                        `-{gmain}(24776)
           |              |               |               |-xdg-document-po(24747)-+-{fuse mainloop}(24769)
           |              |               |               |                        |-{fuse mainloop}(24770)
           |              |               |               |                        |-{fuse mainloop}(24771)
           |              |               |               |                        |-{gdbus}(24754)
           |              |               |               |                        `-{gmain}(24753)
           |              |               |               |-xdg-permission-(24756)-+-{gdbus}(24759)
           |              |               |               |                        `-{gmain}(24757)
           |              |               |               `-zeitgeist-fts(2094)-+-{gdbus}(2100)
           |              |               |                                     `-{gmain}(2099)
           |              |               |-{gdbus}(1468)
           |              |               `-{gmain}(1467)
           |              |-{gdbus}(938)
           |              `-{gmain}(936)
           |-polkitd(915)-+-{gdbus}(921)
           |              `-{gmain}(919)
           |-rsyslogd(876)-+-{in:imklog}(911)
           |               |-{in:imuxsock}(910)
           |               `-{rs:main Q:Reg}(912)
           |-rtkit-daemon(1172)-+-{rtkit-daemon}(1177)
           |                    `-{rtkit-daemon}(1178)
           |-sshd(3467)
           |-systemd(1472)---(sd-pam)(1473)
           |-systemd-journal(329)
           |-systemd-logind(872)
           |-systemd-network(8625)
           |-systemd-timesyn(405)---{sd-resolve}(425)
           |-systemd-udevd(366)
           |-udisksd(1919)-+-{cleanup}(1937)
           |               |-{gdbus}(1925)
           |               |-{gmain}(1923)
           |               `-{probing-thread}(1929)
           |-unattended-upgr(951)---{gmain}(973)
           |-upowerd(1237)-+-{gdbus}(1259)
           |               `-{gmain}(1258)
           |-vmtoolsd(385)---{gmain}(541)
           |-vmware-vmblock-(383)-+-{vmware-vmblock-}(386)
           |                      |-{vmware-vmblock-}(387)
           |                      `-{vmware-vmblock-}(9837)
           `-whoopsie(1338)-+-{gdbus}(1348)
                            `-{gmain}(1347)
